<?xml version="1.0" encoding="UTF-8"?>
<!-- Generated by org.testng.reporters.JUnitReportReporter -->
<testsuite hostname="LTIN699310" failures="0" tests="11" name="runner.TestRunner" time="239.630" errors="0" timestamp="2026-07-09T12:07:05 IST" skipped="0">
  <testcase classname="runner.TestRunner" name="runScenario" time="28.247"/>
  <testcase classname="runner.TestRunner" name="runScenario" time="26.584"/>
  <testcase classname="runner.TestRunner" name="runScenario" time="16.180"/>
  <testcase classname="runner.TestRunner" name="runScenario" time="11.123"/>
  <testcase classname="runner.TestRunner" name="runScenario" time="26.269"/>
  <testcase classname="runner.TestRunner" name="runScenario" time="22.741"/>
  <testcase classname="runner.TestRunner" name="runScenario" time="21.970"/>
  <testcase classname="runner.TestRunner" name="runScenario" time="13.400"/>
  <testcase classname="runner.TestRunner" name="runScenario" time="16.353"/>
  <testcase classname="runner.TestRunner" name="runScenario" time="35.227"/>
  <testcase classname="runner.TestRunner" name="runScenario" time="21.536"/>
</testsuite> <!-- runner.TestRunner -->
