<?xml version="1.0" encoding="UTF-8"?>
<!-- Generated by org.testng.reporters.JUnitReportReporter -->
<testsuite hostname="LTIN699310" failures="0" tests="3" name="runner.TestRunner" time="62.386" errors="0" timestamp="2026-07-08T15:39:14 IST" skipped="0">
  <testcase classname="runner.TestRunner" name="runScenario" time="22.205"/>
  <testcase classname="runner.TestRunner" name="runScenario" time="11.776"/>
  <testcase classname="runner.TestRunner" name="runScenario" time="28.405"/>
</testsuite> <!-- runner.TestRunner -->
